-------------------------------------------------------------------------------
Test set: com.qhuong.services.TestThietBiServices
-------------------------------------------------------------------------------
Tests run: 1, Failures: 0, Errors: 1, Skipped: 0, Time elapsed: 0.873 s <<< FAILURE! - in com.qhuong.services.TestThietBiServices
testUpdateThietBi_WithoutThanhLy  Time elapsed: 0.856 s  <<< ERROR!
java.lang.NullPointerException: Cannot invoke "java.sql.Connection.prepareStatement(String)" because "this.mockConnection" is null
	at com.qhuong.services.TestThietBiServices.testUpdateThietBi_WithoutThanhLy(TestThietBiServices.java:414)

