-------------------------------------------------------------------------------
Test set: TestBaoTriServices
-------------------------------------------------------------------------------
Tests run: 10, Failures: 1, Errors: 0, Skipped: 0, Time elapsed: 0.76 s <<< FAILURE! - in TestBaoTriServices
testGetListMaintenanceCompleted_Success  Time elapsed: 0.358 s  <<< FAILURE!
org.opentest4j.AssertionFailedError: Phải trả về 1 thiết bị ==> expected: <1> but was: <0>
	at TestBaoTriServices.testGetListMaintenanceCompleted_Success(TestBaoTriServices.java:250)

